Build started 5-10-2015 20:22:53.
     1>Project "C:\Users\Ninox\Documents\GitHub\Rogue\Rogue-text-adventure\Rogue-text-adventure.vcxproj" on node 2 (Build target(s)).
     1>ClCompile:
         C:\Program Files (x86)\Microsoft Visual Studio 14.0\VC\bin\CL.exe /c /ZI /nologo /W3 /WX- /sdl /Od /Oy- /D WIN32 /D _DEBUG /D _CONSOLE /D _UNICODE /D UNICODE /Gm /EHsc /RTC1 /MDd /GS /fp:precise /Zc:wchar_t /Zc:forScope /Zc:inline /Fo"Debug\\" /Fd"Debug\vc140.pdb" /Gd /TP /analyze- /errorReport:prompt Game.cpp main.cpp
         main.cpp
         Game.cpp
         Generating Code...
       Link:
         C:\Program Files (x86)\Microsoft Visual Studio 14.0\VC\bin\link.exe /ERRORREPORT:PROMPT /OUT:"C:\Users\Ninox\Documents\GitHub\Rogue\Rogue-text-adventure\Debug\Rogue-text-adventure.exe" /INCREMENTAL /NOLOGO kernel32.lib user32.lib gdi32.lib winspool.lib comdlg32.lib advapi32.lib shell32.lib ole32.lib oleaut32.lib uuid.lib odbc32.lib odbccp32.lib /MANIFEST /MANIFESTUAC:"level='asInvoker' uiAccess='false'" /manifest:embed /Debug /PDB:"C:\Users\Ninox\Documents\GitHub\Rogue\Rogue-text-adventure\Debug\Rogue-text-adventure.pdb" /SUBSYSTEM:CONSOLE /TLBID:1 /DYNAMICBASE /NXCOMPAT /IMPLIB:"C:\Users\Ninox\Documents\GitHub\Rogue\Rogue-text-adventure\Debug\Rogue-text-adventure.lib" /MACHINE:X86 Debug\Game.obj
         Debug\GameObject.obj
         Debug\GameState.obj
         Debug\Hero.obj
         Debug\main.obj
         Debug\Map.obj
         Debug\NPC.obj
         Debug\RenderState.obj
         Debug\Room.obj
         Debug\RoomObject.obj
         Debug\Trap.obj
         Rogue-text-adventure.vcxproj -> C:\Users\Ninox\Documents\GitHub\Rogue\Rogue-text-adventure\Debug\Rogue-text-adventure.exe
     1>Done Building Project "C:\Users\Ninox\Documents\GitHub\Rogue\Rogue-text-adventure\Rogue-text-adventure.vcxproj" (Build target(s)).

Build succeeded.

Time Elapsed 00:00:01.69
